<?xml version="1.0" encoding="UTF-8" standalone="no"?>
<!DOCTYPE log SYSTEM "logger.dtd">
<log>
<record>
  <date>2023-09-27T08:07:31.820-0300</date>
  <logger>WENDELL TOME MARINHO OLIVEIRA</logger>
  <level>FINE</level>
  <message>File 122110748-WENDELL TOME MARINHO OLIVEIRA.zip was received. It was sent by WENDELL TOME MARINHO OLIVEIRA from IP 150.165.42.158 at 27-09-2023 08*07*31</message>
</record>
</log>
<?xml version="1.0" encoding="UTF-8" standalone="no"?>
<!DOCTYPE log SYSTEM "logger.dtd">
<log>
<record>
  <date>2023-09-28T10:17:35.125-0300</date>
  <logger>WENDELL TOME MARINHO OLIVEIRA</logger>
  <level>FINE</level>
  <message>File 122110748-WENDELL TOME MARINHO OLIVEIRA.zip was received. It was sent by WENDELL TOME MARINHO OLIVEIRA from IP 192.168.48.143 at 28-09-2023 10*17*35</message>
</record>
</log>
<?xml version="1.0" encoding="UTF-8" standalone="no"?>
<!DOCTYPE log SYSTEM "logger.dtd">
<log>
<record>
  <date>2023-10-03T21:26:42.387-0300</date>
  <logger>WENDELL TOME MARINHO OLIVEIRA</logger>
  <level>FINE</level>
  <message>File 122110748-WENDELL TOME MARINHO OLIVEIRA.zip was received. It was sent by WENDELL TOME MARINHO OLIVEIRA from IP 192.168.0.104 at 03-10-2023 21*26*42</message>
</record>
