<?xml version="1.0" encoding="UTF-8" standalone="no"?>
<!DOCTYPE log SYSTEM "logger.dtd">
<log>
<record>
  <date>2023-08-30T17:56:04.961-0300</date>
  <logger>WENDELL TOME MARINHO OLIVEIRA</logger>
  <level>FINE</level>
  <message>File 122110748-WENDELL TOME MARINHO OLIVEIRA.zip was received. It was sent by WENDELL TOME MARINHO OLIVEIRA from IP 192.168.0.104 at 30-08-2023 17*56*04</message>
</record>
</log>
<?xml version="1.0" encoding="UTF-8" standalone="no"?>
<!DOCTYPE log SYSTEM "logger.dtd">
<log>
<record>
  <date>2023-09-02T23:33:15.229-0300</date>
  <logger>WENDELL TOME MARINHO OLIVEIRA</logger>
  <level>FINE</level>
  <message>File 122110748-WENDELL TOME MARINHO OLIVEIRA.zip was received. It was sent by WENDELL TOME MARINHO OLIVEIRA from IP 192.168.0.104 at 02-09-2023 23*33*15</message>
</record>
</log>
<?xml version="1.0" encoding="UTF-8" standalone="no"?>
<!DOCTYPE log SYSTEM "logger.dtd">
<log>
<record>
  <date>2023-09-03T13:26:16.381-0300</date>
  <logger>WENDELL TOME MARINHO OLIVEIRA</logger>
  <level>FINE</level>
  <message>File 122110748-WENDELL TOME MARINHO OLIVEIRA.zip was received. It was sent by WENDELL TOME MARINHO OLIVEIRA from IP 192.168.0.104 at 03-09-2023 13*26*16</message>
</record>
</log>
<?xml version="1.0" encoding="UTF-8" standalone="no"?>
<!DOCTYPE log SYSTEM "logger.dtd">
<log>
<record>
  <date>2023-09-03T20:17:30.579-0300</date>
  <logger>WENDELL TOME MARINHO OLIVEIRA</logger>
  <level>FINE</level>
  <message>File 122110748-WENDELL TOME MARINHO OLIVEIRA.zip was received. It was sent by WENDELL TOME MARINHO OLIVEIRA from IP 192.168.0.104 at 03-09-2023 20*17*30</message>
</record>
