<?xml version="1.0" encoding="UTF-8" standalone="no"?>
<!DOCTYPE log SYSTEM "logger.dtd">
<log>
<record>
  <date>2023-09-13T00:59:39.807-0300</date>
  <logger>WENDELL TOME MARINHO OLIVEIRA</logger>
  <level>FINE</level>
  <message>File 122110748-WENDELL TOME MARINHO OLIVEIRA.zip was received. It was sent by WENDELL TOME MARINHO OLIVEIRA from IP 192.168.0.104 at 13-09-2023 00*59*39</message>
</record>
</log>
<?xml version="1.0" encoding="UTF-8" standalone="no"?>
<!DOCTYPE log SYSTEM "logger.dtd">
<log>
<record>
  <date>2023-09-13T09:53:46.870-0300</date>
  <logger>WENDELL TOME MARINHO OLIVEIRA</logger>
  <level>FINE</level>
  <message>File 122110748-WENDELL TOME MARINHO OLIVEIRA.zip was received. It was sent by WENDELL TOME MARINHO OLIVEIRA from IP 150.165.42.159 at 13-09-2023 09*53*46</message>
</record>
</log>
<?xml version="1.0" encoding="UTF-8" standalone="no"?>
<!DOCTYPE log SYSTEM "logger.dtd">
<log>
<record>
  <date>2023-09-13T19:03:40.438-0300</date>
  <logger>WENDELL TOME MARINHO OLIVEIRA</logger>
  <level>FINE</level>
  <message>File 122110748-WENDELL TOME MARINHO OLIVEIRA.zip was received. It was sent by WENDELL TOME MARINHO OLIVEIRA from IP 192.168.0.104 at 13-09-2023 19*03*40</message>
</record>
</log>
<?xml version="1.0" encoding="UTF-8" standalone="no"?>
<!DOCTYPE log SYSTEM "logger.dtd">
<log>
<record>
  <date>2023-09-13T21:15:15.616-0300</date>
  <logger>WENDELL TOME MARINHO OLIVEIRA</logger>
  <level>FINE</level>
  <message>File 122110748-WENDELL TOME MARINHO OLIVEIRA.zip was received. It was sent by WENDELL TOME MARINHO OLIVEIRA from IP 192.168.0.104 at 13-09-2023 21*15*15</message>
</record>
</log>
<?xml version="1.0" encoding="UTF-8" standalone="no"?>
<!DOCTYPE log SYSTEM "logger.dtd">
<log>
<record>
  <date>2023-09-15T10:25:38.486-0300</date>
  <logger>WENDELL TOME MARINHO OLIVEIRA</logger>
  <level>FINE</level>
  <message>File 122110748-WENDELL TOME MARINHO OLIVEIRA.zip was received. It was sent by WENDELL TOME MARINHO OLIVEIRA from IP 150.165.42.139 at 15-09-2023 10*25*38</message>
</record>
</log>
<?xml version="1.0" encoding="UTF-8" standalone="no"?>
<!DOCTYPE log SYSTEM "logger.dtd">
<log>
<record>
  <date>2023-09-15T11:03:28.372-0300</date>
  <logger>WENDELL TOME MARINHO OLIVEIRA</logger>
  <level>FINE</level>
  <message>File 122110748-WENDELL TOME MARINHO OLIVEIRA.zip was received. It was sent by WENDELL TOME MARINHO OLIVEIRA from IP 150.165.42.139 at 15-09-2023 11*03*28</message>
</record>
</log>
<?xml version="1.0" encoding="UTF-8" standalone="no"?>
<!DOCTYPE log SYSTEM "logger.dtd">
<log>
<record>
  <date>2023-09-15T11:33:57.229-0300</date>
  <logger>WENDELL TOME MARINHO OLIVEIRA</logger>
  <level>FINE</level>
  <message>File 122110748-WENDELL TOME MARINHO OLIVEIRA.zip was received. It was sent by WENDELL TOME MARINHO OLIVEIRA from IP 150.165.42.139 at 15-09-2023 11*33*57</message>
</record>
</log>
<?xml version="1.0" encoding="UTF-8" standalone="no"?>
<!DOCTYPE log SYSTEM "logger.dtd">
<log>
<record>
  <date>2023-09-15T11:34:59.636-0300</date>
  <logger>WENDELL TOME MARINHO OLIVEIRA</logger>
  <level>FINE</level>
  <message>File 122110748-WENDELL TOME MARINHO OLIVEIRA.zip was received. It was sent by WENDELL TOME MARINHO OLIVEIRA from IP 150.165.42.139 at 15-09-2023 11*34*59</message>
</record>
</log>
<?xml version="1.0" encoding="UTF-8" standalone="no"?>
<!DOCTYPE log SYSTEM "logger.dtd">
<log>
<record>
  <date>2023-09-15T20:12:45.328-0300</date>
  <logger>WENDELL TOME MARINHO OLIVEIRA</logger>
  <level>FINE</level>
  <message>File 122110748-WENDELL TOME MARINHO OLIVEIRA.zip was received. It was sent by WENDELL TOME MARINHO OLIVEIRA from IP 192.168.0.104 at 15-09-2023 20*12*45</message>
</record>
</log>
<?xml version="1.0" encoding="UTF-8" standalone="no"?>
<!DOCTYPE log SYSTEM "logger.dtd">
<log>
<record>
  <date>2023-09-15T20:51:51.316-0300</date>
  <logger>WENDELL TOME MARINHO OLIVEIRA</logger>
  <level>FINE</level>
  <message>File 122110748-WENDELL TOME MARINHO OLIVEIRA.zip was received. It was sent by WENDELL TOME MARINHO OLIVEIRA from IP 192.168.0.104 at 15-09-2023 20*51*51</message>
</record>
