<?xml version="1.0" encoding="UTF-8" standalone="no"?>
<!DOCTYPE log SYSTEM "logger.dtd">
<log>
<record>
  <date>2023-08-09T10:46:39.206-0300</date>
  <logger>WENDELL TOME MARINHO OLIVEIRA</logger>
  <level>FINE</level>
  <message>File 122110748-WENDELL TOME MARINHO OLIVEIRA.zip was received. It was sent by WENDELL TOME MARINHO OLIVEIRA from IP 192.168.108.1 at 09-08-2023 10*46*39</message>
</record>
</log>
<?xml version="1.0" encoding="UTF-8" standalone="no"?>
<!DOCTYPE log SYSTEM "logger.dtd">
<log>
<record>
  <date>2023-08-10T22:03:19.837-0300</date>
  <logger>WENDELL TOME MARINHO OLIVEIRA</logger>
  <level>FINE</level>
  <message>File 122110748-WENDELL TOME MARINHO OLIVEIRA.zip was received. It was sent by WENDELL TOME MARINHO OLIVEIRA from IP 192.168.0.103 at 10-08-2023 22*03*19</message>
</record>
</log>
<?xml version="1.0" encoding="UTF-8" standalone="no"?>
<!DOCTYPE log SYSTEM "logger.dtd">
<log>
<record>
  <date>2023-08-10T22:35:31.970-0300</date>
  <logger>WENDELL TOME MARINHO OLIVEIRA</logger>
  <level>FINE</level>
  <message>File 122110748-WENDELL TOME MARINHO OLIVEIRA.zip was received. It was sent by WENDELL TOME MARINHO OLIVEIRA from IP 192.168.0.103 at 10-08-2023 22*35*31</message>
</record>
</log>
<?xml version="1.0" encoding="UTF-8" standalone="no"?>
<!DOCTYPE log SYSTEM "logger.dtd">
<log>
<record>
  <date>2023-08-10T23:16:55.806-0300</date>
  <logger>WENDELL TOME MARINHO OLIVEIRA</logger>
  <level>FINE</level>
  <message>File 122110748-WENDELL TOME MARINHO OLIVEIRA.zip was received. It was sent by WENDELL TOME MARINHO OLIVEIRA from IP 192.168.0.103 at 10-08-2023 23*16*55</message>
</record>
