<?xml version="1.0" encoding="UTF-8" standalone="no"?>
<!DOCTYPE log SYSTEM "logger.dtd">
<log>
<record>
  <date>2023-08-11T10:33:05.650-0300</date>
  <logger>WENDELL TOME MARINHO OLIVEIRA</logger>
  <level>FINE</level>
  <message>File 122110748-WENDELL TOME MARINHO OLIVEIRA.zip was received. It was sent by WENDELL TOME MARINHO OLIVEIRA from IP 150.165.42.140 at 11-08-2023 10*33*05</message>
</record>
</log>
<?xml version="1.0" encoding="UTF-8" standalone="no"?>
<!DOCTYPE log SYSTEM "logger.dtd">
<log>
<record>
  <date>2023-08-11T11:41:59.792-0300</date>
  <logger>WENDELL TOME MARINHO OLIVEIRA</logger>
  <level>FINE</level>
  <message>File 122110748-WENDELL TOME MARINHO OLIVEIRA.zip was received. It was sent by WENDELL TOME MARINHO OLIVEIRA from IP 150.165.42.140 at 11-08-2023 11*41*59</message>
</record>
</log>
<?xml version="1.0" encoding="UTF-8" standalone="no"?>
<!DOCTYPE log SYSTEM "logger.dtd">
<log>
<record>
  <date>2023-08-11T22:53:53.070-0300</date>
  <logger>WENDELL TOME MARINHO OLIVEIRA</logger>
  <level>FINE</level>
  <message>File 122110748-WENDELL TOME MARINHO OLIVEIRA.zip was received. It was sent by WENDELL TOME MARINHO OLIVEIRA from IP 192.168.0.103 at 11-08-2023 22*53*53</message>
</record>
</log>
<?xml version="1.0" encoding="UTF-8" standalone="no"?>
<!DOCTYPE log SYSTEM "logger.dtd">
<log>
<record>
  <date>2023-08-12T23:29:06.355-0300</date>
  <logger>WENDELL TOME MARINHO OLIVEIRA</logger>
  <level>FINE</level>
  <message>File 122110748-WENDELL TOME MARINHO OLIVEIRA.zip was received. It was sent by WENDELL TOME MARINHO OLIVEIRA from IP 192.168.0.103 at 12-08-2023 23*29*06</message>
</record>
</log>
<?xml version="1.0" encoding="UTF-8" standalone="no"?>
<!DOCTYPE log SYSTEM "logger.dtd">
<log>
<record>
  <date>2023-08-13T01:22:04.639-0300</date>
  <logger>WENDELL TOME MARINHO OLIVEIRA</logger>
  <level>FINE</level>
  <message>File 122110748-WENDELL TOME MARINHO OLIVEIRA.zip was received. It was sent by WENDELL TOME MARINHO OLIVEIRA from IP 192.168.0.103 at 13-08-2023 01*22*04</message>
</record>
</log>
<?xml version="1.0" encoding="UTF-8" standalone="no"?>
<!DOCTYPE log SYSTEM "logger.dtd">
<log>
<record>
  <date>2023-08-13T16:41:42.937-0300</date>
  <logger>WENDELL TOME MARINHO OLIVEIRA</logger>
  <level>FINE</level>
  <message>File 122110748-WENDELL TOME MARINHO OLIVEIRA.zip was received. It was sent by WENDELL TOME MARINHO OLIVEIRA from IP 192.168.0.103 at 13-08-2023 16*41*42</message>
</record>
</log>
<?xml version="1.0" encoding="UTF-8" standalone="no"?>
<!DOCTYPE log SYSTEM "logger.dtd">
<log>
<record>
  <date>2023-08-16T08:16:53.417-0300</date>
  <logger>WENDELL TOME MARINHO OLIVEIRA</logger>
  <level>FINE</level>
  <message>File 122110748-WENDELL TOME MARINHO OLIVEIRA.zip was received. It was sent by WENDELL TOME MARINHO OLIVEIRA from IP 150.165.42.158 at 16-08-2023 08*16*53</message>
</record>
</log>
<?xml version="1.0" encoding="UTF-8" standalone="no"?>
<!DOCTYPE log SYSTEM "logger.dtd">
<log>
<record>
  <date>2023-08-16T09:51:06.474-0300</date>
  <logger>WENDELL TOME MARINHO OLIVEIRA</logger>
  <level>FINE</level>
  <message>File 122110748-WENDELL TOME MARINHO OLIVEIRA.zip was received. It was sent by WENDELL TOME MARINHO OLIVEIRA from IP 150.165.42.158 at 16-08-2023 09*51*06</message>
</record>
</log>
<?xml version="1.0" encoding="UTF-8" standalone="no"?>
<!DOCTYPE log SYSTEM "logger.dtd">
<log>
<record>
  <date>2023-08-16T22:41:50.533-0300</date>
  <logger>WENDELL TOME MARINHO OLIVEIRA</logger>
  <level>FINE</level>
  <message>File 122110748-WENDELL TOME MARINHO OLIVEIRA.zip was received. It was sent by WENDELL TOME MARINHO OLIVEIRA from IP 192.168.0.103 at 16-08-2023 22*41*50</message>
</record>
</log>
<?xml version="1.0" encoding="UTF-8" standalone="no"?>
<!DOCTYPE log SYSTEM "logger.dtd">
<log>
<record>
  <date>2023-08-16T22:44:18.263-0300</date>
  <logger>WENDELL TOME MARINHO OLIVEIRA</logger>
  <level>FINE</level>
  <message>File 122110748-WENDELL TOME MARINHO OLIVEIRA.zip was received. It was sent by WENDELL TOME MARINHO OLIVEIRA from IP 192.168.0.103 at 16-08-2023 22*44*18</message>
</record>
